<?xml version="1.0" encoding="UTF-8"?>
<!-- Generated by org.testng.reporters.JUnitReportReporter -->
<testsuite skipped="3" hostname="Lenovo-PC" name="com.sample.webtest.Test.LoginTest" tests="4" failures="0" timestamp="05 May 2020 12:12:42 GMT" time="20.844" errors="0">
  <testcase name="HeadlessBrowser" time="20.844" classname="com.sample.webtest.Test.LoginTest"/>
  <testcase name="LoginWithCorrectCredentials" classname="com.sample.webtest.Test.LoginTest">
    <skipped/>
  </testcase> <!-- LoginWithCorrectCredentials -->
  <testcase name="LoginWithIncorrectPassword" classname="com.sample.webtest.Test.LoginTest">
    <skipped/>
  </testcase> <!-- LoginWithIncorrectPassword -->
  <testcase name="LoginWithIncorrectEmailAddress" classname="com.sample.webtest.Test.LoginTest">
    <skipped/>
  </testcase> <!-- LoginWithIncorrectEmailAddress -->
</testsuite> <!-- com.sample.webtest.Test.LoginTest -->
