<?xml version="1.0" encoding="UTF-8"?>
<!-- Generated by org.testng.reporters.JUnitReportReporter -->
<testsuite skipped="0" hostname="Lenovo-PC" name="com.sample.webtest.Test.BaseTest" tests="1" failures="0" timestamp="05 May 2020 09:35:10 GMT" time="0.020" errors="0">
  <testcase name="test" time="0.020" classname="com.sample.webtest.Test.BaseTest"/>
</testsuite> <!-- com.sample.webtest.Test.BaseTest -->
